Overriding model.yaml nc=80 with nc=2
                 from  n    params  module                                  arguments
  0                -1  1      5280  models.common.Conv                      [3, 48, 6, 2, 2]
  1                -1  1     41664  models.common.Conv                      [48, 96, 3, 2]
  2                -1  2     65280  models.common.C3                        [96, 96, 2]
  3                -1  1    166272  models.common.Conv                      [96, 192, 3, 2]
  4                -1  4    444672  models.common.C3                        [192, 192, 4]
  5                -1  1    664320  models.common.Conv                      [192, 384, 3, 2]
  6                -1  6   2512896  models.common.C3                        [384, 384, 6]
  7                -1  1   2655744  models.common.Conv                      [384, 768, 3, 2]
  8                -1  2   4134912  models.common.C3                        [768, 768, 2]
  9                -1  1   1476864  models.common.SPPF                      [768, 768, 5]
 10                -1  1    295680  models.common.Conv                      [768, 384, 1, 1]
 11                -1  1         0  torch.nn.modules.upsampling.Upsample    [None, 2, 'nearest']
 12           [-1, 6]  1         0  models.common.Concat                    [1]
 13                -1  2   1182720  models.common.C3                        [768, 384, 2, False]
 14                -1  1     74112  models.common.Conv                      [384, 192, 1, 1]
 15                -1  1         0  torch.nn.modules.upsampling.Upsample    [None, 2, 'nearest']
 16           [-1, 4]  1         0  models.common.Concat                    [1]
 17                -1  2    296448  models.common.C3                        [384, 192, 2, False]
 18                -1  1    332160  models.common.Conv                      [192, 192, 3, 2]
 19          [-1, 14]  1         0  models.common.Concat                    [1]
 20                -1  2   1035264  models.common.C3                        [384, 384, 2, False]
 21                -1  1   1327872  models.common.Conv                      [384, 384, 3, 2]
 22          [-1, 10]  1         0  models.common.Concat                    [1]
 23                -1  2   4134912  models.common.C3                        [768, 768, 2, False]
 24      [17, 20, 23]  1    755667  models.yolo.Detect                      [2, [[10, 13, 16, 30, 33, 23], [30, 61, 62, 45, 59, 119], [116, 90, 156, 198, 373, 326]], [192, 384, 768]]
Model Summary: 369 layers, 21602739 parameters, 21602739 gradients, 50.4 GFLOPs
Transferred 475/481 items from weights/yolov5m.pt
Scaled weight_decay = 0.0005
[34m[1moptimizer:[39m[22m SGD with parameter groups 79 weight, 82 weight (no decay), 82 bias
[34m[1mtrain: [39m[22mScanning '/media/scau/21B1CA0D9A1CBC09/DL/yolov5_obb-master/yolov5_obb-master/dataset/testspike/train/labelTxt' images and labels...90 found, 0 missing, 0 empty, 6 corrupted: 100% 90/90 [00:01<00:00, 47.24it/s]
[34m[1mtrain: [39m[22mWARNING: /media/scau/21B1CA0D9A1CBC09/DL/yolov5_obb-master/yolov5_obb-master/dataset/testspike/train/images/pic_DJI_0639_0003_11.jpg: ignoring corrupt image/label: negative label values [    -2.0578], please check your dota format labels
[34m[1mtrain: [39m[22mWARNING: /media/scau/21B1CA0D9A1CBC09/DL/yolov5_obb-master/yolov5_obb-master/dataset/testspike/train/images/pic_DJI_0639_0007_11.jpg: ignoring corrupt image/label: negative label values [   -0.70665], please check your dota format labels
[34m[1mtrain: [39m[22mWARNING: /media/scau/21B1CA0D9A1CBC09/DL/yolov5_obb-master/yolov5_obb-master/dataset/testspike/train/images/pic_DJI_0639_0007_12.jpg: ignoring corrupt image/label: negative label values [    -0.7056], please check your dota format labels
[34m[1mtrain: [39m[22mWARNING: /media/scau/21B1CA0D9A1CBC09/DL/yolov5_obb-master/yolov5_obb-master/dataset/testspike/train/images/pic_DJI_0639_0007_22.jpg: ignoring corrupt image/label: negative label values [    -3.6634], please check your dota format labels
[34m[1mtrain: [39m[22mWARNING: /media/scau/21B1CA0D9A1CBC09/DL/yolov5_obb-master/yolov5_obb-master/dataset/testspike/train/images/pic_DJI_0639_0021_21.jpg: ignoring corrupt image/label: negative label values [    -7.8452], please check your dota format labels
[34m[1mtrain: [39m[22mWARNING: /media/scau/21B1CA0D9A1CBC09/DL/yolov5_obb-master/yolov5_obb-master/dataset/testspike/train/images/pic_DJI_0639_0022_22.jpg: ignoring corrupt image/label: negative label values [   -0.64979], please check your dota format labels
[34m[1mtrain: [39m[22mNew cache created: /media/scau/21B1CA0D9A1CBC09/DL/yolov5_obb-master/yolov5_obb-master/dataset/testspike/train/labelTxt.cache
[34m[1mval: [39m[22mScanning '/media/scau/21B1CA0D9A1CBC09/DL/yolov5_obb-master/yolov5_obb-master/dataset/testspike/val/labelTxt' images and labels...10 found, 0 missing, 0 empty, 0 corrupted: 100% 10/10 [00:00<00:00, 18.21it/s]
[34m[1mval: [39m[22mNew cache created: /media/scau/21B1CA0D9A1CBC09/DL/yolov5_obb-master/yolov5_obb-master/dataset/testspike/val/labelTxt.cache
Plotting labels to runs/train/exp37/labels_xyls.jpg...
[34m[1mAutoAnchor: [39m[22m2.10 anchors/target, 0.963 Best Possible Recall (BPR). Anchors are a poor fit to dataset ⚠️, attempting to improve...
[34m[1mAutoAnchor: [39m[22mWARNING: Extremely small objects found. 93 of 3834 poly labels are < 5 pixels in size.
[34m[1mAutoAnchor: [39m[22mRunning kmeans for 9 anchors on 3834 points...
[34m[1mAutoAnchor: [39m[22mEvolving anchors with Genetic Algorithm: fitness = 0.8077: 100% 1000/1000 [00:01<00:00, 874.79it/s]
[34m[1mAutoAnchor: [39m[22mthr=0.25: 1.0000 best possible recall, 8.00 anchors past thr
[34m[1mAutoAnchor: [39m[22mn=9, img_size=1024, metric_all=0.491/0.808-mean/best, past_thr=0.528-mean: 24,7, 45,7, 35,12, 79,8, 62,12, 66,18, 97,13, 138,14, 130,24
[34m[1mAutoAnchor: [39m[22mNew anchors saved to model. Update model *.yaml to use these anchors in the future.
Image sizes 1024 train, 1024 val
Using 4 dataloader workers
Logging results to [1mruns/train/exp37
Starting training for 500 epochs...
     Epoch   gpu_mem       box       obj       cls     theta    labels  img_size






     0/499      4.1G    0.1319    0.3135   0.02968    0.7824       220      1024: 100% 21/21 [00:15<00:00,  1.37it/s]
               Class     Images     Labels          P          R     mAP@.5 mAP@.5:.95: 100% 2/2 [00:00<00:00,  9.45it/s]
                 all         10        479    0.00579     0.0585     0.0032    0.00066
     Epoch   gpu_mem       box       obj       cls     theta    labels  img_size



     1/499     4.31G    0.1307    0.3366   0.02835    0.7724       346      1024: 100% 21/21 [00:07<00:00,  2.84it/s]
               Class     Images     Labels          P          R     mAP@.5 mAP@.5:.95: 100% 2/2 [00:00<00:00,  9.25it/s]
                 all         10        479    0.00549     0.0501     0.0029   0.000535
Traceback (most recent call last):
  File "/home/scau/anaconda3/envs/yolov5/lib/python3.7/site-packages/torch/serialization.py", line 379, in save
    _save(obj, opened_zipfile, pickle_module, pickle_protocol)
  File "/home/scau/anaconda3/envs/yolov5/lib/python3.7/site-packages/torch/serialization.py", line 499, in _save
    zip_file.write_record(name, storage.data_ptr(), num_bytes)
KeyboardInterrupt
During handling of the above exception, another exception occurred:
Traceback (most recent call last):
  File "/media/scau/21B1CA0D9A1CBC09/DL/yolov5_obb-master/yolov5_obb-master/train.py", line 650, in <module>
    main(opt)
  File "/media/scau/21B1CA0D9A1CBC09/DL/yolov5_obb-master/yolov5_obb-master/train.py", line 547, in main
    train(opt.hyp, opt, device, callbacks)
  File "/media/scau/21B1CA0D9A1CBC09/DL/yolov5_obb-master/yolov5_obb-master/train.py", line 399, in train
    torch.save(ckpt, last)
  File "/home/scau/anaconda3/envs/yolov5/lib/python3.7/site-packages/torch/serialization.py", line 380, in save
    return
  File "/home/scau/anaconda3/envs/yolov5/lib/python3.7/site-packages/torch/serialization.py", line 259, in __exit__
    self.file_like.write_end_of_file()
RuntimeError: [enforce fail at inline_container.cc:300] . unexpected pos 51483904 vs 51483792